[ERROR] COMPILATION ERROR : 
[ERROR] /C:/Users/elian/OneDrive/Documentos/0-Tecnicatura Desarrollo de software/3-Tercer A±o Desarrollo De Software/Practica Profesionalizante 3/software/sistema-riego-goteo-api/src/test/java/com/sistemariegoagoteo/sistema_riego_goteo_api/service/analytics/AnalyticsServiceTest.java:[113,15] cannot find symbol
  symbol:   class Crop
  location: class com.sistemariegoagoteo.sistema_riego_goteo_api.model.riego.Sector
[ERROR] /C:/Users/elian/OneDrive/Documentos/0-Tecnicatura Desarrollo de software/3-Tercer A±o Desarrollo De Software/Practica Profesionalizante 3/software/sistema-riego-goteo-api/src/test/java/com/sistemariegoagoteo/sistema_riego_goteo_api/service/analytics/AnalyticsServiceTest.java:[113,38] cannot find symbol
  symbol:   class Crop
  location: class com.sistemariegoagoteo.sistema_riego_goteo_api.model.riego.Sector
[ERROR] /C:/Users/elian/OneDrive/Documentos/0-Tecnicatura Desarrollo de software/3-Tercer A±o Desarrollo De Software/Practica Profesionalizante 3/software/sistema-riego-goteo-api/src/test/java/com/sistemariegoagoteo/sistema_riego_goteo_api/service/dashboard/AnalystDashboardServiceTest.java:[73,55] cannot find symbol
  symbol:   method getFarmName()
  location: class com.sistemariegoagoteo.sistema_riego_goteo_api.dto.dashboard.analyst.FarmStatusDTO
[ERROR] /C:/Users/elian/OneDrive/Documentos/0-Tecnicatura Desarrollo de software/3-Tercer A±o Desarrollo De Software/Practica Profesionalizante 3/software/sistema-riego-goteo-api/src/test/java/com/sistemariegoagoteo/sistema_riego_goteo_api/service/dashboard/AnalystDashboardServiceTest.java:[101,53] cannot find symbol
  symbol:   method getIrrigationWaterM3()
  location: variable balance of type com.sistemariegoagoteo.sistema_riego_goteo_api.dto.dashboard.analyst.WaterBalanceDTO
[ERROR] /C:/Users/elian/OneDrive/Documentos/0-Tecnicatura Desarrollo de software/3-Tercer A±o Desarrollo De Software/Practica Profesionalizante 3/software/sistema-riego-goteo-api/src/test/java/com/sistemariegoagoteo/sistema_riego_goteo_api/service/dashboard/AnalystDashboardServiceTest.java:[102,53] cannot find symbol
  symbol:   method getPrecipitationMM()
  location: variable balance of type com.sistemariegoagoteo.sistema_riego_goteo_api.dto.dashboard.analyst.WaterBalanceDTO
[ERROR] Failed to execute goal org.apache.maven.plugins:maven-compiler-plugin:3.13.0:testCompile (default-testCompile) on project sistema-riego-goteo-api: Compilation failure: Compilation failure: 
[ERROR] /C:/Users/elian/OneDrive/Documentos/0-Tecnicatura Desarrollo de software/3-Tercer A±o Desarrollo De Software/Practica Profesionalizante 3/software/sistema-riego-goteo-api/src/test/java/com/sistemariegoagoteo/sistema_riego_goteo_api/service/analytics/AnalyticsServiceTest.java:[113,15] cannot find symbol
[ERROR]   symbol:   class Crop
[ERROR]   location: class com.sistemariegoagoteo.sistema_riego_goteo_api.model.riego.Sector
[ERROR] /C:/Users/elian/OneDrive/Documentos/0-Tecnicatura Desarrollo de software/3-Tercer A±o Desarrollo De Software/Practica Profesionalizante 3/software/sistema-riego-goteo-api/src/test/java/com/sistemariegoagoteo/sistema_riego_goteo_api/service/analytics/AnalyticsServiceTest.java:[113,38] cannot find symbol
[ERROR]   symbol:   class Crop
[ERROR]   location: class com.sistemariegoagoteo.sistema_riego_goteo_api.model.riego.Sector
[ERROR] /C:/Users/elian/OneDrive/Documentos/0-Tecnicatura Desarrollo de software/3-Tercer A±o Desarrollo De Software/Practica Profesionalizante 3/software/sistema-riego-goteo-api/src/test/java/com/sistemariegoagoteo/sistema_riego_goteo_api/service/dashboard/AnalystDashboardServiceTest.java:[73,55] cannot find symbol
[ERROR]   symbol:   method getFarmName()
[ERROR]   location: class com.sistemariegoagoteo.sistema_riego_goteo_api.dto.dashboard.analyst.FarmStatusDTO
[ERROR] /C:/Users/elian/OneDrive/Documentos/0-Tecnicatura Desarrollo de software/3-Tercer A±o Desarrollo De Software/Practica Profesionalizante 3/software/sistema-riego-goteo-api/src/test/java/com/sistemariegoagoteo/sistema_riego_goteo_api/service/dashboard/AnalystDashboardServiceTest.java:[101,53] cannot find symbol
[ERROR]   symbol:   method getIrrigationWaterM3()
[ERROR]   location: variable balance of type com.sistemariegoagoteo.sistema_riego_goteo_api.dto.dashboard.analyst.WaterBalanceDTO
[ERROR] /C:/Users/elian/OneDrive/Documentos/0-Tecnicatura Desarrollo de software/3-Tercer A±o Desarrollo De Software/Practica Profesionalizante 3/software/sistema-riego-goteo-api/src/test/java/com/sistemariegoagoteo/sistema_riego_goteo_api/service/dashboard/AnalystDashboardServiceTest.java:[102,53] cannot find symbol
[ERROR]   symbol:   method getPrecipitationMM()
[ERROR]   location: variable balance of type com.sistemariegoagoteo.sistema_riego_goteo_api.dto.dashboard.analyst.WaterBalanceDTO
[ERROR] -> [Help 1]
org.apache.maven.lifecycle.LifecycleExecutionException: Failed to execute goal org.apache.maven.plugins:maven-compiler-plugin:3.13.0:testCompile (default-testCompile) on project sistema-riego-goteo-api: Compilation failure
    at org.apache.maven.lifecycle.internal.MojoExecutor.doExecute2 (MojoExecutor.java:333)
    at org.apache.maven.lifecycle.internal.MojoExecutor.doExecute (MojoExecutor.java:316)
    at org.apache.maven.lifecycle.internal.MojoExecutor.execute (MojoExecutor.java:212)
    at org.apache.maven.lifecycle.internal.MojoExecutor.execute (MojoExecutor.java:174)
    at org.apache.maven.lifecycle.internal.MojoExecutor.access$000 (MojoExecutor.java:75)
    at org.apache.maven.lifecycle.internal.MojoExecutor$1.run (MojoExecutor.java:162)
    at org.apache.maven.plugin.DefaultMojosExecutionStrategy.execute (DefaultMojosExecutionStrategy.java:39)
    at org.apache.maven.lifecycle.internal.MojoExecutor.execute (MojoExecutor.java:159)
    at org.apache.maven.lifecycle.internal.LifecycleModuleBuilder.buildProject (LifecycleModuleBuilder.java:105)
    at org.apache.maven.lifecycle.internal.LifecycleModuleBuilder.buildProject (LifecycleModuleBuilder.java:73)
    at org.apache.maven.lifecycle.internal.builder.singlethreaded.SingleThreadedBuilder.build (SingleThreadedBuilder.java:53)
    at org.apache.maven.lifecycle.internal.LifecycleStarter.execute (LifecycleStarter.java:118)
    at org.apache.maven.DefaultMaven.doExecute (DefaultMaven.java:261)
    at org.apache.maven.DefaultMaven.doExecute (DefaultMaven.java:173)
    at org.apache.maven.DefaultMaven.execute (DefaultMaven.java:101)
    at org.apache.maven.cli.MavenCli.execute (MavenCli.java:906)
    at org.apache.maven.cli.MavenCli.doMain (MavenCli.java:283)
    at org.apache.maven.cli.MavenCli.main (MavenCli.java:206)
    at jdk.internal.reflect.DirectMethodHandleAccessor.invoke (DirectMethodHandleAccessor.java:104)
    at java.lang.reflect.Method.invoke (Method.java:578)
    at org.codehaus.plexus.classworlds.launcher.Launcher.launchEnhanced (Launcher.java:255)
    at org.codehaus.plexus.classworlds.launcher.Launcher.launch (Launcher.java:201)
    at org.codehaus.plexus.classworlds.launcher.Launcher.mainWithExitCode (Launcher.java:361)
    at org.codehaus.plexus.classworlds.launcher.Launcher.main (Launcher.java:314)
Caused by: org.apache.maven.plugin.compiler.CompilationFailureException: Compilation failure
    at org.apache.maven.plugin.compiler.AbstractCompilerMojo.execute (AbstractCompilerMojo.java:1309)
    at org.apache.maven.plugin.compiler.TestCompilerMojo.execute (TestCompilerMojo.java:208)
    at org.apache.maven.plugin.DefaultBuildPluginManager.executeMojo (DefaultBuildPluginManager.java:126)
    at org.apache.maven.lifecycle.internal.MojoExecutor.doExecute2 (MojoExecutor.java:328)
    at org.apache.maven.lifecycle.internal.MojoExecutor.doExecute (MojoExecutor.java:316)
    at org.apache.maven.lifecycle.internal.MojoExecutor.execute (MojoExecutor.java:212)
    at org.apache.maven.lifecycle.internal.MojoExecutor.execute (MojoExecutor.java:174)
    at org.apache.maven.lifecycle.internal.MojoExecutor.access$000 (MojoExecutor.java:75)
    at org.apache.maven.lifecycle.internal.MojoExecutor$1.run (MojoExecutor.java:162)
    at org.apache.maven.plugin.DefaultMojosExecutionStrategy.execute (DefaultMojosExecutionStrategy.java:39)
    at org.apache.maven.lifecycle.internal.MojoExecutor.execute (MojoExecutor.java:159)
    at org.apache.maven.lifecycle.internal.LifecycleModuleBuilder.buildProject (LifecycleModuleBuilder.java:105)
    at org.apache.maven.lifecycle.internal.LifecycleModuleBuilder.buildProject (LifecycleModuleBuilder.java:73)
    at org.apache.maven.lifecycle.internal.builder.singlethreaded.SingleThreadedBuilder.build (SingleThreadedBuilder.java:53)
    at org.apache.maven.lifecycle.internal.LifecycleStarter.execute (LifecycleStarter.java:118)
    at org.apache.maven.DefaultMaven.doExecute (DefaultMaven.java:261)
    at org.apache.maven.DefaultMaven.doExecute (DefaultMaven.java:173)
    at org.apache.maven.DefaultMaven.execute (DefaultMaven.java:101)
    at org.apache.maven.cli.MavenCli.execute (MavenCli.java:906)
    at org.apache.maven.cli.MavenCli.doMain (MavenCli.java:283)
    at org.apache.maven.cli.MavenCli.main (MavenCli.java:206)
    at jdk.internal.reflect.DirectMethodHandleAccessor.invoke (DirectMethodHandleAccessor.java:104)
    at java.lang.reflect.Method.invoke (Method.java:578)
    at org.codehaus.plexus.classworlds.launcher.Launcher.launchEnhanced (Launcher.java:255)
    at org.codehaus.plexus.classworlds.launcher.Launcher.launch (Launcher.java:201)
    at org.codehaus.plexus.classworlds.launcher.Launcher.mainWithExitCode (Launcher.java:361)
    at org.codehaus.plexus.classworlds.launcher.Launcher.main (Launcher.java:314)
[ERROR] 
[ERROR] Re-run Maven using the -X switch to enable full debug logging.
[ERROR] 
[ERROR] For more information about the errors and possible solutions, please read the following articles:
[ERROR] [Help 1] http://cwiki.apache.org/confluence/display/MAVEN/MojoFailureException
