-------------------------------------------------------------------------------
Test set: com.sistemariegoagoteo.sistema_riego_goteo_api.service.riego.FertilizationServiceTest
-------------------------------------------------------------------------------
Tests run: 3, Failures: 3, Errors: 0, Skipped: 0, Time elapsed: 0.046 s <<< FAILURE! -- in com.sistemariegoagoteo.sistema_riego_goteo_api.service.riego.FertilizationServiceTest
com.sistemariegoagoteo.sistema_riego_goteo_api.service.riego.FertilizationServiceTest.createFertilization_Success -- Time elapsed: 0.030 s <<< FAILURE!
Argument(s) are different! Wanted:
auditService.logChange(
    com.sistemariegoagoteo.sistema_riego_goteo_api.model.user.User@5cb3c9e6,
    "CREATE",
    "Fertilization",
    "id",
    isNull(),
    "2"
);
-> at com.sistemariegoagoteo.sistema_riego_goteo_api.service.audit.AuditService.logChange(AuditService.java:46)
Actual invocations have different arguments at position [0]:
auditService.logChange(
    com.sistemariegoagoteo.sistema_riego_goteo_api.model.user.User@77d80294,
    "CREATE",
    "Fertilization",
    "id",
    null,
    "2"
);
-> at com.sistemariegoagoteo.sistema_riego_goteo_api.service.riego.FertilizationService.createFertilization(FertilizationService.java:46)

	at com.sistemariegoagoteo.sistema_riego_goteo_api.service.audit.AuditService.logChange(AuditService.java:46)
	at com.sistemariegoagoteo.sistema_riego_goteo_api.service.riego.FertilizationServiceTest.createFertilization_Success(FertilizationServiceTest.java:92)
	at java.base/java.lang.reflect.Method.invoke(Method.java:578)
	at java.base/java.util.ArrayList.forEach(ArrayList.java:1511)
	at java.base/java.util.ArrayList.forEach(ArrayList.java:1511)

com.sistemariegoagoteo.sistema_riego_goteo_api.service.riego.FertilizationServiceTest.updateFertilization_Success -- Time elapsed: 0.006 s <<< FAILURE!
Argument(s) are different! Wanted:
auditService.logChange(
    com.sistemariegoagoteo.sistema_riego_goteo_api.model.user.User@5035c23c,
    "UPDATE",
    "Fertilization",
    <any string>,
    <any string>,
    <any string>
);
-> at com.sistemariegoagoteo.sistema_riego_goteo_api.service.audit.AuditService.logChange(AuditService.java:46)
Actual invocations have different arguments at position [0]:
auditService.logChange(
    com.sistemariegoagoteo.sistema_riego_goteo_api.model.user.User@77d80294,
    "UPDATE",
    "Fertilization",
    "quantity",
    "50.0",
    "60.0"
);
-> at com.sistemariegoagoteo.sistema_riego_goteo_api.service.riego.FertilizationService.updateFertilization(FertilizationService.java:67)

	at com.sistemariegoagoteo.sistema_riego_goteo_api.service.audit.AuditService.logChange(AuditService.java:46)
	at com.sistemariegoagoteo.sistema_riego_goteo_api.service.riego.FertilizationServiceTest.updateFertilization_Success(FertilizationServiceTest.java:109)
	at java.base/java.lang.reflect.Method.invoke(Method.java:578)
	at java.base/java.util.ArrayList.forEach(ArrayList.java:1511)
	at java.base/java.util.ArrayList.forEach(ArrayList.java:1511)

com.sistemariegoagoteo.sistema_riego_goteo_api.service.riego.FertilizationServiceTest.deleteFertilization_Success -- Time elapsed: 0.003 s <<< FAILURE!
Argument(s) are different! Wanted:
auditService.logChange(
    com.sistemariegoagoteo.sistema_riego_goteo_api.model.user.User@1b42eb0f,
    "DELETE",
    "Fertilization",
    "id",
    "1",
    isNull()
);
-> at com.sistemariegoagoteo.sistema_riego_goteo_api.service.audit.AuditService.logChange(AuditService.java:46)
Actual invocations have different arguments at position [0]:
auditService.logChange(
    com.sistemariegoagoteo.sistema_riego_goteo_api.model.user.User@77d80294,
    "DELETE",
    "Fertilization",
    "id",
    "1",
    null
);
-> at com.sistemariegoagoteo.sistema_riego_goteo_api.service.riego.FertilizationService.deleteFertilization(FertilizationService.java:83)

	at com.sistemariegoagoteo.sistema_riego_goteo_api.service.audit.AuditService.logChange(AuditService.java:46)
	at com.sistemariegoagoteo.sistema_riego_goteo_api.service.riego.FertilizationServiceTest.deleteFertilization_Success(FertilizationServiceTest.java:120)
	at java.base/java.lang.reflect.Method.invoke(Method.java:578)
	at java.base/java.util.ArrayList.forEach(ArrayList.java:1511)
	at java.base/java.util.ArrayList.forEach(ArrayList.java:1511)

