<?xml version="1.0" encoding="UTF-8"?>
<testsuite xmlns:xsi="http://www.w3.org/2001/XMLSchema-instance" xsi:noNamespaceSchemaLocation="https://maven.apache.org/surefire/maven-surefire-plugin/xsd/surefire-test-report.xsd" version="3.0.2" name="com.sistemariegoagoteo.sistema_riego_goteo_api.repository.riego.FarmRepositoryTest" time="7.864" tests="11" errors="0" skipped="0" failures="0">
  <properties>
[...]
</properties>
  <testcase name="findById_idInexistente_retornaVacio" classname="FarmRepository - Tests de Integración JPA" time="0.22">
    <system-out><![CDATA[
  .   ____          _            __ _ _
 /\\ / ___'_ __ _ _(_)_ __  __ _ \ \ \ \
( ( )\___ | '_ | '_| | '_ \/ _` | \ \ \ \
 \\/  ___)| |_)| | | | | || (_| |  ) ) ) )
  '  |____| .__|_| |_|_| |_\__, | / / / /
 =========|_|==============|___/=/_/_/_/

 :: Spring Boot ::               (v3.4.10)

2026-03-05T18:42:03.052-03:00  INFO 15552 --- [           main] c.s.s.r.riego.FarmRepositoryTest         : Starting FarmRepositoryTest using Java 20.0.2 with PID 15552 (started by elian in C:\Users\elian\OneDrive\Documentos\0-Tecnicatura Desarrollo de software\3-Tercer Año Desarrollo De Software\Practica Profesionalizante 3\software\sistema-riego-goteo-api)
2026-03-05T18:42:03.052-03:00  INFO 15552 --- [           main] c.s.s.r.riego.FarmRepositoryTest         : The following 1 profile is active: "test"
2026-03-05T18:42:05.251-03:00  WARN 15552 --- [           main] org.hibernate.orm.deprecation            : HHH90000025: H2Dialect does not need to be specified explicitly using 'hibernate.dialect' (remove the property setting and it will be selected by default)
Hibernate: 
    drop table if exists app_notification cascade 
Hibernate: 
    drop table if exists change_history cascade 
Hibernate: 
    drop table if exists energy_consumption cascade 
Hibernate: 
    drop table if exists farm cascade 
Hibernate: 
    drop table if exists fertilization cascade 
Hibernate: 
    drop table if exists humidity_alert cascade 
Hibernate: 
    drop table if exists humidity_sensor cascade 
Hibernate: 
    drop table if exists irrigation cascade 
Hibernate: 
    drop table if exists irrigation_equipment cascade 
Hibernate: 
    drop table if exists maintenance cascade 
Hibernate: 
    drop table if exists operation_log cascade 
Hibernate: 
    drop table if exists permission cascade 
Hibernate: 
    drop table if exists precipitation cascade 
Hibernate: 
    drop table if exists report_tasks cascade 
Hibernate: 
    drop table if exists reservoir_turn cascade 
Hibernate: 
    drop table if exists role cascade 
Hibernate: 
    drop table if exists role_permission cascade 
Hibernate: 
    drop table if exists sector cascade 
Hibernate: 
    drop table if exists synchronization cascade 
Hibernate: 
    drop table if exists system_config cascade 
Hibernate: 
    drop table if exists task cascade 
Hibernate: 
    drop table if exists user cascade 
Hibernate: 
    drop table if exists user_farm cascade 
Hibernate: 
    drop table if exists water_source cascade 
Hibernate: 
    create table app_notification (
        is_read boolean not null,
        created_at timestamp(6) not null,
        destinatario_id bigint not null,
        entity_id bigint,
        id bigint generated by default as identity,
        entity_type varchar(50),
        message varchar(500) not null,
        action_url varchar(255),
        type enum ('INFO','SUCCESS','WARNING') not null,
        primary key (id)
    )
Hibernate: 
    create table change_history (
        history_id integer generated by default as identity,
        change_datetime timestamp(6),
        user_id bigint,
        action_type varchar(20),
        affected_table varchar(100),
        changed_field varchar(100),
        new_value varchar(255),
        old_value varchar(255),
        primary key (history_id)
    )
Hibernate: 
    create table energy_consumption (
        consumption_date date not null,
        consumption_id integer generated by default as identity,
        farm_id integer not null,
        kwh_consumed numeric(10,2),
        energy_type varchar(50),
        primary key (consumption_id)
    )
Hibernate: 
    create table farm (
        farm_id integer generated by default as identity,
        farm_size numeric(10,2),
        latitude numeric(38,2),
        longitude numeric(38,2),
        reservoir_capacity numeric(10,2),
        name varchar(100),
        location varchar(255),
        primary key (farm_id)
    )
Hibernate: 
    create table fertilization (
        fertilization_date date,
        fertilization_id integer generated by default as identity,
        quantity numeric(10,2) not null,
        sector_id integer not null,
        local_mobile_id varchar(36) unique,
        fertilizer_type varchar(100),
        quantity_unit enum ('KG','LITERS') not null,
        primary key (fertilization_id)
    )
Hibernate: 
    create table humidity_alert (
        alert_id integer generated by default as identity,
        humidity_level numeric(5,2),
        humidity_threshold numeric(5,2),
        sensor_id integer not null,
        alert_datetime timestamp(6),
        alert_message varchar(255),
        primary key (alert_id)
    )
Hibernate: 
    create table humidity_sensor (
        humidity_level numeric(5,2),
        sector_id integer not null,
        sensor_id integer generated by default as identity,
        measurement_datetime timestamp(6),
        sensor_type varchar(50),
        primary key (sensor_id)
    )
Hibernate: 
    create table irrigation (
        equipment_id integer not null,
        irrigation_hours numeric(5,2),
        irrigation_id integer generated by default as identity,
        sector_id integer not null,
        water_amount numeric(10,2),
        end_datetime timestamp(6),
        start_datetime timestamp(6),
        local_mobile_id varchar(36) not null unique,
        primary key (irrigation_id)
    )
Hibernate: 
    create table irrigation_equipment (
        equipment_id integer generated by default as identity,
        farm_id integer not null,
        has_flow_meter boolean,
        measured_flow numeric(10,2),
        equipment_status varchar(50),
        equipment_type varchar(50),
        name varchar(100) not null,
        primary key (equipment_id)
    )
Hibernate: 
    create table maintenance (
        date date,
        equipment_id integer not null,
        maintenance_id integer generated by default as identity,
        work_hours numeric(5,2),
        local_mobile_id varchar(36) unique,
        description TEXT,
        primary key (maintenance_id)
    )
Hibernate: 
    create table operation_log (
        farm_id integer not null,
        operation_id integer generated by default as identity,
        operation_datetime timestamp(6),
        local_mobile_id varchar(36) unique,
        operation_type varchar(100),
        description TEXT,
        primary key (operation_id)
    )
Hibernate: 
    create table permission (
        permission_id integer generated by default as identity,
        permission_name varchar(50) not null unique,
        primary key (permission_id)
    )
Hibernate: 
    create table precipitation (
        farm_id integer not null,
        mm_effective_rain numeric(6,2),
        mm_rain numeric(6,2),
        precipitation_date date,
        precipitation_id integer generated by default as identity,
        primary key (precipitation_id)
    )
Hibernate: 
    create table report_tasks (
        completed_at timestamp(6),
        created_at timestamp(6) not null,
        id uuid not null,
        error_message varchar(255),
        file_path varchar(255),
        format varchar(255),
        report_type varchar(255),
        status enum ('COMPLETED','FAILED','PENDING','PROCESSING') not null,
        primary key (id)
    )
Hibernate: 
    create table reservoir_turn (
        source_id integer not null,
        turn_id integer generated by default as identity,
        end_datetime timestamp(6),
        start_datetime timestamp(6),
        primary key (turn_id)
    )
Hibernate: 
    create table role (
        role_id integer generated by default as identity,
        role_name varchar(50) not null unique,
        primary key (role_id)
    )
Hibernate: 
    create table role_permission (
        permission_id integer not null,
        role_id integer not null,
        primary key (permission_id, role_id)
    )
Hibernate: 
    create table sector (
        equipment_id integer,
        farm_id integer not null,
        sector_id integer generated by default as identity,
        name varchar(100) not null,
        primary key (sector_id)
    )
Hibernate: 
    create table synchronization (
        is_synchronized boolean,
        modified_record_id integer,
        sync_id integer generated by default as identity,
        modification_datetime timestamp(6),
        modified_table varchar(100),
        primary key (sync_id)
    )
Hibernate: 
    create table system_config (
        config_key varchar(100) not null,
        config_value TEXT,
        description varchar(255),
        config_type enum ('BOOLEAN','FLOAT','INTEGER','JSON','STRING') not null,
        primary key (config_key)
    )
Hibernate: 
    create table task (
        sector_id integer not null,
        assigned_to_user_id bigint not null,
        created_at timestamp(6) not null,
        created_by_user_id bigint not null,
        task_id bigint generated by default as identity,
        updated_at timestamp(6),
        description varchar(255) not null,
        status enum ('CANCELADA','COMPLETADA','EN_PROGRESO','PENDIENTE') not null,
        primary key (task_id)
    )
Hibernate: 
    create table user (
        failed_attempts INT DEFAULT 0,
        is_active TINYINT(1) DEFAULT 1,
        role_id integer not null,
        last_login timestamp(6),
        user_id bigint generated by default as identity,
        username varchar(50) not null unique,
        email varchar(100) not null unique,
        name varchar(100) not null,
        fcm_token varchar(500),
        password varchar(255) not null,
        primary key (user_id)
    )
Hibernate: 
    create table user_farm (
        farm_id integer not null,
        user_id bigint not null,
        primary key (farm_id, user_id)
    )
Hibernate: 
    create table water_source (
        farm_id integer not null,
        source_id integer generated by default as identity,
        type varchar(50),
        primary key (source_id)
    )
Hibernate: 
    alter table if exists app_notification 
       add constraint FKl7syhd7rp2bub4ecy4qksd0rp 
       foreign key (destinatario_id) 
       references user
Hibernate: 
    alter table if exists change_history 
       add constraint FKjjv2912fos01qxuo0y8vdaw8m 
       foreign key (user_id) 
       references user
Hibernate: 
    alter table if exists energy_consumption 
       add constraint FKxw7qscqgnq0t5vyee1xdroxr 
       foreign key (farm_id) 
       references farm
Hibernate: 
    alter table if exists fertilization 
       add constraint FKhyurllk151hw76hv7tpomgrip 
       foreign key (sector_id) 
       references sector
Hibernate: 
    alter table if exists humidity_alert 
       add constraint FK66muctatmj43e9983pmmm56u8 
       foreign key (sensor_id) 
       references humidity_sensor
Hibernate: 
    alter table if exists humidity_sensor 
       add constraint FK7nivl1ox50q7pylgyx7iy319a 
       foreign key (sector_id) 
       references sector
Hibernate: 
    alter table if exists irrigation 
       add constraint FK6m8gg2dsck23ndaerpcrxmqom 
       foreign key (equipment_id) 
       references irrigation_equipment
Hibernate: 
    alter table if exists irrigation 
       add constraint FK90cwaipbrbjccbkw6m9b1iytr 
       foreign key (sector_id) 
       references sector
Hibernate: 
    alter table if exists irrigation_equipment 
       add constraint FKa40tyufnvjc02g7pspguvi2xs 
       foreign key (farm_id) 
       references farm
Hibernate: 
    alter table if exists maintenance 
       add constraint FKlsy3xw61xqycalajbace3fma5 
       foreign key (equipment_id) 
       references irrigation_equipment
Hibernate: 
    alter table if exists operation_log 
       add constraint FKsogut2s6w25e8awcup5jjyabg 
       foreign key (farm_id) 
       references farm
Hibernate: 
    alter table if exists precipitation 
       add constraint FKqflvgrhfgha660kd84vr25rxr 
       foreign key (farm_id) 
       references farm
Hibernate: 
    alter table if exists reservoir_turn 
       add constraint FKln6bo0wabisqisdslrui44r6s 
       foreign key (source_id) 
       references water_source
Hibernate: 
    alter table if exists role_permission 
       add constraint FKf8yllw1ecvwqy3ehyxawqa1qp 
       foreign key (permission_id) 
       references permission
Hibernate: 
    alter table if exists role_permission 
       add constraint FKa6jx8n8xkesmjmv6jqug6bg68 
       foreign key (role_id) 
       references role
Hibernate: 
    alter table if exists sector 
       add constraint FK7qach3tjfkpkibcqoes44nm6b 
       foreign key (equipment_id) 
       references irrigation_equipment
Hibernate: 
    alter table if exists sector 
       add constraint FKlwore2ef6hrpuu40lk17f5e1l 
       foreign key (farm_id) 
       references farm
Hibernate: 
    alter table if exists task 
       add constraint FKcprx52d891r6afk3sr5uaxcxr 
       foreign key (assigned_to_user_id) 
       references user
Hibernate: 
    alter table if exists task 
       add constraint FKkp3xvo29xqgt646gxn7ksadu1 
       foreign key (created_by_user_id) 
       references user
Hibernate: 
    alter table if exists task 
       add constraint FKm5w3b22ur8ewgd5685wg3wv1d 
       foreign key (sector_id) 
       references sector
Hibernate: 
    alter table if exists user 
       add constraint FKn82ha3ccdebhokx3a8fgdqeyy 
       foreign key (role_id) 
       references role
Hibernate: 
    alter table if exists user_farm 
       add constraint FKb3ileblpqggiytlnmqepui4d4 
       foreign key (farm_id) 
       references farm
Hibernate: 
    alter table if exists user_farm 
       add constraint FKejilqprt6ul27k5g0wclpq5jf 
       foreign key (user_id) 
       references user
Hibernate: 
    alter table if exists water_source 
       add constraint FKjtxgiqmgc4nrj69ty5csk7pab 
       foreign key (farm_id) 
       references farm
2026-03-05T18:42:10.210-03:00  INFO 15552 --- [           main] c.s.s.r.riego.FarmRepositoryTest         : Started FarmRepositoryTest in 7.21 seconds (process running for 19.049)
Hibernate: 
    insert 
    into
        role
        (role_name, role_id) 
    values
        (?, default)
Hibernate: 
    insert 
    into
        farm
        (farm_size, latitude, location, longitude, name, reservoir_capacity, farm_id) 
    values
        (?, ?, ?, ?, ?, ?, default)
Hibernate: 
    select
        f1_0.farm_id,
        f1_0.farm_size,
        f1_0.latitude,
        f1_0.location,
        f1_0.longitude,
        f1_0.name,
        f1_0.reservoir_capacity 
    from
        farm f1_0 
    where
        f1_0.farm_id=?
]]></system-out>
  </testcase>
  <testcase name="fincaConMultiplesUsuarios_relacionManyToMany_correcta" classname="FarmRepository - Tests de Integración JPA" time="0.103">
    <system-out><![CDATA[Hibernate: 
    insert 
    into
        role
        (role_name, role_id) 
    values
        (?, default)
Hibernate: 
    insert 
    into
        farm
        (farm_size, latitude, location, longitude, name, reservoir_capacity, farm_id) 
    values
        (?, ?, ?, ?, ?, ?, default)
Hibernate: 
    insert 
    into
        user
        (email, failed_attempts, fcm_token, is_active, last_login, name, password, role_id, username, user_id) 
    values
        (?, ?, ?, ?, ?, ?, ?, ?, ?, default)
Hibernate: 
    insert 
    into
        user
        (email, failed_attempts, fcm_token, is_active, last_login, name, password, role_id, username, user_id) 
    values
        (?, ?, ?, ?, ?, ?, ?, ?, ?, default)
Hibernate: 
    insert 
    into
        user_farm
        (user_id, farm_id) 
    values
        (?, ?)
Hibernate: 
    insert 
    into
        user_farm
        (user_id, farm_id) 
    values
        (?, ?)
Hibernate: 
    select
        f1_0.farm_id,
        f1_0.farm_size,
        f1_0.latitude,
        f1_0.location,
        f1_0.longitude,
        f1_0.name,
        f1_0.reservoir_capacity 
    from
        farm f1_0 
    join
        user_farm u1_0 
            on f1_0.farm_id=u1_0.farm_id 
    join
        user u1_1 
            on u1_1.user_id=u1_0.user_id 
    where
        u1_1.username=?
Hibernate: 
    select
        f1_0.farm_id,
        f1_0.farm_size,
        f1_0.latitude,
        f1_0.location,
        f1_0.longitude,
        f1_0.name,
        f1_0.reservoir_capacity 
    from
        farm f1_0 
    join
        user_farm u1_0 
            on f1_0.farm_id=u1_0.farm_id 
    join
        user u1_1 
            on u1_1.user_id=u1_0.user_id 
    where
        u1_1.username=?
]]></system-out>
  </testcase>
  <testcase name="deleteFarm_conSectores_eliminaSectoresEnCascada" classname="FarmRepository - Tests de Integración JPA" time="0.058">
    <system-out><![CDATA[Hibernate: 
    insert 
    into
        role
        (role_name, role_id) 
    values
        (?, default)
Hibernate: 
    insert 
    into
        farm
        (farm_size, latitude, location, longitude, name, reservoir_capacity, farm_id) 
    values
        (?, ?, ?, ?, ?, ?, default)
Hibernate: 
    insert 
    into
        farm
        (farm_size, latitude, location, longitude, name, reservoir_capacity, farm_id) 
    values
        (?, ?, ?, ?, ?, ?, default)
Hibernate: 
    insert 
    into
        sector
        (equipment_id, farm_id, name, sector_id) 
    values
        (?, ?, ?, default)
Hibernate: 
    select
        count(*) 
    from
        farm f1_0 
    where
        f1_0.farm_id=?
Hibernate: 
    select
        count(*) 
    from
        sector s1_0 
    where
        s1_0.sector_id=?
Hibernate: 
    select
        f1_0.farm_id,
        f1_0.farm_size,
        f1_0.latitude,
        f1_0.location,
        f1_0.longitude,
        f1_0.name,
        f1_0.reservoir_capacity 
    from
        farm f1_0 
    where
        f1_0.farm_id=?
Hibernate: 
    select
        s1_0.farm_id,
        s1_0.sector_id,
        s1_0.equipment_id,
        s1_0.name 
    from
        sector s1_0 
    where
        s1_0.farm_id=?
Hibernate: 
    select
        ec1_0.farm_id,
        ec1_0.consumption_id,
        ec1_0.consumption_date,
        ec1_0.energy_type,
        ec1_0.kwh_consumed 
    from
        energy_consumption ec1_0 
    where
        ec1_0.farm_id=?
Hibernate: 
    select
        ie1_0.farm_id,
        ie1_0.equipment_id,
        ie1_0.equipment_status,
        ie1_0.equipment_type,
        ie1_0.has_flow_meter,
        ie1_0.measured_flow,
        ie1_0.name 
    from
        irrigation_equipment ie1_0 
    where
        ie1_0.farm_id=?
Hibernate: 
    select
        ol1_0.farm_id,
        ol1_0.operation_id,
        ol1_0.description,
        ol1_0.local_mobile_id,
        ol1_0.operation_datetime,
        ol1_0.operation_type 
    from
        operation_log ol1_0 
    where
        ol1_0.farm_id=?
Hibernate: 
    select
        p1_0.farm_id,
        p1_0.precipitation_id,
        p1_0.mm_effective_rain,
        p1_0.mm_rain,
        p1_0.precipitation_date 
    from
        precipitation p1_0 
    where
        p1_0.farm_id=?
Hibernate: 
    select
        f1_0.sector_id,
        f1_0.fertilization_id,
        f1_0.fertilization_date,
        f1_0.fertilizer_type,
        f1_0.local_mobile_id,
        f1_0.quantity,
        f1_0.quantity_unit 
    from
        fertilization f1_0 
    where
        f1_0.sector_id=?
Hibernate: 
    select
        hs1_0.sector_id,
        hs1_0.sensor_id,
        hs1_0.humidity_level,
        hs1_0.measurement_datetime,
        hs1_0.sensor_type 
    from
        humidity_sensor hs1_0 
    where
        hs1_0.sector_id=?
Hibernate: 
    select
        i1_0.sector_id,
        i1_0.irrigation_id,
        i1_0.end_datetime,
        i1_0.equipment_id,
        i1_0.irrigation_hours,
        i1_0.local_mobile_id,
        i1_0.start_datetime,
        i1_0.water_amount 
    from
        irrigation i1_0 
    where
        i1_0.sector_id=?
Hibernate: 
    select
        ws1_0.farm_id,
        ws1_0.source_id,
        ws1_0.type 
    from
        water_source ws1_0 
    where
        ws1_0.farm_id=?
Hibernate: 
    delete 
    from
        sector 
    where
        sector_id=?
Hibernate: 
    delete 
    from
        farm 
    where
        farm_id=?
Hibernate: 
    select
        count(*) 
    from
        sector s1_0 
    where
        s1_0.sector_id=?
]]></system-out>
  </testcase>
  <testcase name="findFarmsByUsername_usuarioConFincasAsignadas_retornaFincas" classname="FarmRepository - Tests de Integración JPA" time="0.014">
    <system-out><![CDATA[Hibernate: 
    insert 
    into
        role
        (role_name, role_id) 
    values
        (?, default)
Hibernate: 
    insert 
    into
        farm
        (farm_size, latitude, location, longitude, name, reservoir_capacity, farm_id) 
    values
        (?, ?, ?, ?, ?, ?, default)
Hibernate: 
    insert 
    into
        user
        (email, failed_attempts, fcm_token, is_active, last_login, name, password, role_id, username, user_id) 
    values
        (?, ?, ?, ?, ?, ?, ?, ?, ?, default)
Hibernate: 
    insert 
    into
        user_farm
        (user_id, farm_id) 
    values
        (?, ?)
Hibernate: 
    select
        f1_0.farm_id,
        f1_0.farm_size,
        f1_0.latitude,
        f1_0.location,
        f1_0.longitude,
        f1_0.name,
        f1_0.reservoir_capacity 
    from
        farm f1_0 
    join
        user_farm u1_0 
            on f1_0.farm_id=u1_0.farm_id 
    join
        user u1_1 
            on u1_1.user_id=u1_0.user_id 
    where
        u1_1.username=?
]]></system-out>
  </testcase>
  <testcase name="findByFarmId_fincaConMultiplesSectores_retornaTodasRelaciones" classname="FarmRepository - Tests de Integración JPA" time="0.038">
    <system-out><![CDATA[Hibernate: 
    insert 
    into
        role
        (role_name, role_id) 
    values
        (?, default)
Hibernate: 
    insert 
    into
        farm
        (farm_size, latitude, location, longitude, name, reservoir_capacity, farm_id) 
    values
        (?, ?, ?, ?, ?, ?, default)
Hibernate: 
    insert 
    into
        sector
        (equipment_id, farm_id, name, sector_id) 
    values
        (?, ?, ?, default)
Hibernate: 
    insert 
    into
        sector
        (equipment_id, farm_id, name, sector_id) 
    values
        (?, ?, ?, default)
Hibernate: 
    insert 
    into
        sector
        (equipment_id, farm_id, name, sector_id) 
    values
        (?, ?, ?, default)
Hibernate: 
    select
        s1_0.sector_id,
        s1_0.equipment_id,
        s1_0.farm_id,
        s1_0.name 
    from
        sector s1_0 
    left join
        farm f1_0 
            on f1_0.farm_id=s1_0.farm_id 
    where
        f1_0.farm_id=?
]]></system-out>
  </testcase>
  <testcase name="findAll_conMultiplesFincas_retornaTodasLasFincas" classname="FarmRepository - Tests de Integración JPA" time="0.013">
    <system-out><![CDATA[Hibernate: 
    insert 
    into
        role
        (role_name, role_id) 
    values
        (?, default)
Hibernate: 
    insert 
    into
        farm
        (farm_size, latitude, location, longitude, name, reservoir_capacity, farm_id) 
    values
        (?, ?, ?, ?, ?, ?, default)
Hibernate: 
    insert 
    into
        farm
        (farm_size, latitude, location, longitude, name, reservoir_capacity, farm_id) 
    values
        (?, ?, ?, ?, ?, ?, default)
Hibernate: 
    select
        f1_0.farm_id,
        f1_0.farm_size,
        f1_0.latitude,
        f1_0.location,
        f1_0.longitude,
        f1_0.name,
        f1_0.reservoir_capacity 
    from
        farm f1_0
]]></system-out>
  </testcase>
  <testcase name="usuarioAsignadoAMultiplesFincas_relacionManyToMany_correcta" classname="FarmRepository - Tests de Integración JPA" time="0.016">
    <system-out><![CDATA[Hibernate: 
    insert 
    into
        role
        (role_name, role_id) 
    values
        (?, default)
Hibernate: 
    insert 
    into
        farm
        (farm_size, latitude, location, longitude, name, reservoir_capacity, farm_id) 
    values
        (?, ?, ?, ?, ?, ?, default)
Hibernate: 
    insert 
    into
        farm
        (farm_size, latitude, location, longitude, name, reservoir_capacity, farm_id) 
    values
        (?, ?, ?, ?, ?, ?, default)
Hibernate: 
    insert 
    into
        user
        (email, failed_attempts, fcm_token, is_active, last_login, name, password, role_id, username, user_id) 
    values
        (?, ?, ?, ?, ?, ?, ?, ?, ?, default)
Hibernate: 
    insert 
    into
        user_farm
        (user_id, farm_id) 
    values
        (?, ?)
Hibernate: 
    insert 
    into
        user_farm
        (user_id, farm_id) 
    values
        (?, ?)
Hibernate: 
    select
        u1_0.user_id,
        u1_0.email,
        u1_0.failed_attempts,
        u1_0.fcm_token,
        u1_0.is_active,
        u1_0.last_login,
        u1_0.name,
        u1_0.password,
        u1_0.role_id,
        r1_0.role_id,
        p1_0.role_id,
        p1_1.permission_id,
        p1_1.permission_name,
        r1_0.role_name,
        u1_0.username 
    from
        user u1_0 
    join
        role r1_0 
            on r1_0.role_id=u1_0.role_id 
    left join
        role_permission p1_0 
            on r1_0.role_id=p1_0.role_id 
    left join
        permission p1_1 
            on p1_1.permission_id=p1_0.permission_id 
    where
        u1_0.user_id=?
Hibernate: 
    select
        f1_0.user_id,
        f1_1.farm_id,
        f1_1.farm_size,
        f1_1.latitude,
        f1_1.location,
        f1_1.longitude,
        f1_1.name,
        f1_1.reservoir_capacity 
    from
        user_farm f1_0 
    join
        farm f1_1 
            on f1_1.farm_id=f1_0.farm_id 
    where
        f1_0.user_id=?
]]></system-out>
  </testcase>
  <testcase name="findFarmsByUsername_usuarioSinFincas_retornaListaVacia" classname="FarmRepository - Tests de Integración JPA" time="0.009">
    <system-out><![CDATA[Hibernate: 
    insert 
    into
        role
        (role_name, role_id) 
    values
        (?, default)
Hibernate: 
    insert 
    into
        farm
        (farm_size, latitude, location, longitude, name, reservoir_capacity, farm_id) 
    values
        (?, ?, ?, ?, ?, ?, default)
Hibernate: 
    insert 
    into
        user
        (email, failed_attempts, fcm_token, is_active, last_login, name, password, role_id, username, user_id) 
    values
        (?, ?, ?, ?, ?, ?, ?, ?, ?, default)
Hibernate: 
    select
        f1_0.farm_id,
        f1_0.farm_size,
        f1_0.latitude,
        f1_0.location,
        f1_0.longitude,
        f1_0.name,
        f1_0.reservoir_capacity 
    from
        farm f1_0 
    join
        user_farm u1_0 
            on f1_0.farm_id=u1_0.farm_id 
    join
        user u1_1 
            on u1_1.user_id=u1_0.user_id 
    where
        u1_1.username=?
]]></system-out>
  </testcase>
  <testcase name="findByName_nombreExistente_retornaFinca" classname="FarmRepository - Tests de Integración JPA" time="0.008">
    <system-out><![CDATA[Hibernate: 
    insert 
    into
        role
        (role_name, role_id) 
    values
        (?, default)
Hibernate: 
    insert 
    into
        farm
        (farm_size, latitude, location, longitude, name, reservoir_capacity, farm_id) 
    values
        (?, ?, ?, ?, ?, ?, default)
Hibernate: 
    select
        f1_0.farm_id,
        f1_0.farm_size,
        f1_0.latitude,
        f1_0.location,
        f1_0.longitude,
        f1_0.name,
        f1_0.reservoir_capacity 
    from
        farm f1_0 
    where
        f1_0.name=?
]]></system-out>
  </testcase>
  <testcase name="sector_persistidoConFarm_guardaRelacionFK" classname="FarmRepository - Tests de Integración JPA" time="0.009">
    <system-out><![CDATA[Hibernate: 
    insert 
    into
        role
        (role_name, role_id) 
    values
        (?, default)
Hibernate: 
    insert 
    into
        farm
        (farm_size, latitude, location, longitude, name, reservoir_capacity, farm_id) 
    values
        (?, ?, ?, ?, ?, ?, default)
Hibernate: 
    insert 
    into
        sector
        (equipment_id, farm_id, name, sector_id) 
    values
        (?, ?, ?, default)
]]></system-out>
  </testcase>
  <testcase name="findByName_nombreInexistente_retornaVacio" classname="FarmRepository - Tests de Integración JPA" time="0.008">
    <system-out><![CDATA[Hibernate: 
    insert 
    into
        role
        (role_name, role_id) 
    values
        (?, default)
Hibernate: 
    insert 
    into
        farm
        (farm_size, latitude, location, longitude, name, reservoir_capacity, farm_id) 
    values
        (?, ?, ?, ?, ?, ?, default)
Hibernate: 
    select
        f1_0.farm_id,
        f1_0.farm_size,
        f1_0.latitude,
        f1_0.location,
        f1_0.longitude,
        f1_0.name,
        f1_0.reservoir_capacity 
    from
        farm f1_0 
    where
        f1_0.name=?
]]></system-out>
  </testcase>
</testsuite>