<?xml version="1.0" encoding="UTF-8"?>
<testsuite xmlns:xsi="http://www.w3.org/2001/XMLSchema-instance" xsi:noNamespaceSchemaLocation="https://maven.apache.org/surefire/maven-surefire-plugin/xsd/surefire-test-report.xsd" version="3.0.2" name="com.sistemariegoagoteo.sistema_riego_goteo_api.SistemaRiegoGoteoApiApplicationTests" time="8.441" tests="1" errors="0" skipped="0" failures="0">
  <properties>
[...]
</properties>
  <testcase name="contextLoads" classname="com.sistemariegoagoteo.sistema_riego_goteo_api.SistemaRiegoGoteoApiApplicationTests" time="0.008">
    <system-out><![CDATA[
  .   ____          _            __ _ _
 /\\ / ___'_ __ _ _(_)_ __  __ _ \ \ \ \
( ( )\___ | '_ | '_| | '_ \/ _` | \ \ \ \
 \\/  ___)| |_)| | | | | || (_| |  ) ) ) )
  '  |____| .__|_| |_|_| |_\__, | / / / /
 =========|_|==============|___/=/_/_/_/

 :: Spring Boot ::               (v3.4.10)

2026-02-27T18:10:57.613-03:00  INFO 25772 --- [           main] s.s.SistemaRiegoGoteoApiApplicationTests : Starting SistemaRiegoGoteoApiApplicationTests using Java 20.0.2 with PID 25772 (started by elian in C:\Users\elian\OneDrive\Documentos\0-Tecnicatura Desarrollo de software\3-Tercer Año Desarrollo De Software\Practica Profesionalizante 3\software\sistema-riego-goteo-api)
2026-02-27T18:10:57.613-03:00  INFO 25772 --- [           main] s.s.SistemaRiegoGoteoApiApplicationTests : The following 1 profile is active: "test"
2026-02-27T18:11:00.259-03:00  WARN 25772 --- [           main] org.hibernate.orm.deprecation            : HHH90000025: H2Dialect does not need to be specified explicitly using 'hibernate.dialect' (remove the property setting and it will be selected by default)
2026-02-27T18:11:04.444-03:00  INFO 25772 --- [           main] eAuthenticationProviderManagerConfigurer : Global AuthenticationManager configured with AuthenticationProvider bean with name authenticationProvider
2026-02-27T18:11:04.444-03:00  WARN 25772 --- [           main] r$InitializeUserDetailsManagerConfigurer : Global AuthenticationManager configured with an AuthenticationProvider bean. UserDetailsService beans will not be used by Spring Security for automatically configuring username/password login. Consider removing the AuthenticationProvider bean. Alternatively, consider using the UserDetailsService in a manually instantiated DaoAuthenticationProvider. If the current configuration is intentional, to turn off this warning, increase the logging level of 'org.springframework.security.config.annotation.authentication.configuration.InitializeUserDetailsBeanManagerConfigurer' to ERROR
2026-02-27T18:11:05.115-03:00  WARN 25772 --- [           main] JpaBaseConfiguration$JpaWebConfiguration : spring.jpa.open-in-view is enabled by default. Therefore, database queries may be performed during view rendering. Explicitly configure spring.jpa.open-in-view to disable this warning
2026-02-27T18:11:05.296-03:00 DEBUG 25772 --- [           main] o.s.s.web.DefaultSecurityFilterChain     : Will secure any request with filters: DisableEncodeUrlFilter, WebAsyncManagerIntegrationFilter, SecurityContextHolderFilter, HeaderWriterFilter, CorsFilter, LogoutFilter, JwtAuthenticationFilter, RequestCacheAwareFilter, SecurityContextHolderAwareRequestFilter, AnonymousAuthenticationFilter, SessionManagementFilter, ExceptionTranslationFilter, AuthorizationFilter
2026-02-27T18:11:05.578-03:00  INFO 25772 --- [           main] s.s.SistemaRiegoGoteoApiApplicationTests : Started SistemaRiegoGoteoApiApplicationTests in 8.006 seconds (process running for 20.976)
2026-02-27T18:11:05.585-03:00  INFO 25772 --- [   scheduling-1] c.s.s.scheduler.WeatherScheduler         : Ejecutando tarea programada: Verificando pronóstico de lluvia...
2026-02-27T18:11:05.590-03:00  INFO 25772 --- [           main] c.s.s.config.DataInitializer             : Iniciando verificación e inicialización de roles esenciales...
2026-02-27T18:11:05.791-03:00  INFO 25772 --- [           main] c.s.s.config.DataInitializer             : Rol 'ADMIN' creado exitosamente.
2026-02-27T18:11:05.809-03:00  INFO 25772 --- [           main] c.s.s.config.DataInitializer             : Rol 'ANALISTA' creado exitosamente.
2026-02-27T18:11:05.812-03:00  INFO 25772 --- [           main] c.s.s.config.DataInitializer             : Rol 'OPERARIO' creado exitosamente.
2026-02-27T18:11:05.812-03:00  INFO 25772 --- [           main] c.s.s.config.DataInitializer             : Verificación e inicialización de roles completada.
2026-02-27T18:11:05.901-03:00  INFO 25772 --- [           main] c.s.s.config.DataInitializer             : Usuario administrador por defecto 'admin' creado.
]]></system-out>
  </testcase>
</testsuite>