<?xml version="1.0" encoding="UTF-8"?>
<testsuite xmlns:xsi="http://www.w3.org/2001/XMLSchema-instance" xsi:noNamespaceSchemaLocation="https://maven.apache.org/surefire/maven-surefire-plugin/xsd/surefire-test-report.xsd" version="3.0.2" name="com.sistemariegoagoteo.sistema_riego_goteo_api.service.auth.UserServiceTest" time="2.3" tests="13" errors="0" skipped="0" failures="0">
  <properties>
[...]
</properties>
  <testcase name="updateOwnPassword_WrongCurrentPassword_ThrowsException" classname="UserService - Tests Unitarios" time="2.125">
    <system-out><![CDATA[00:43:41.773 [main] INFO com.sistemariegoagoteo.sistema_riego_goteo_api.service.auth.UserService -- Usuario operario_test intentando actualizar su propia contraseña.
]]></system-out>
  </testcase>
  <testcase name="updateOwnPassword_Success" classname="UserService - Tests Unitarios" time="0.019">
    <system-out><![CDATA[00:43:41.835 [main] INFO com.sistemariegoagoteo.sistema_riego_goteo_api.service.auth.UserService -- Usuario operario_test intentando actualizar su propia contraseña.
00:43:41.841 [main] INFO com.sistemariegoagoteo.sistema_riego_goteo_api.service.auth.UserService -- Contraseña del usuario operario_test actualizada exitosamente.
]]></system-out>
  </testcase>
  <testcase name="updateOwnPassword_PasswordMismatch_ThrowsException" classname="UserService - Tests Unitarios" time="0.008">
    <system-out><![CDATA[00:43:41.854 [main] INFO com.sistemariegoagoteo.sistema_riego_goteo_api.service.auth.UserService -- Usuario operario_test intentando actualizar su propia contraseña.
]]></system-out>
  </testcase>
  <testcase name="updateUserStatus_Deactivate_Success" classname="UserService - Tests Unitarios" time="0.017">
    <system-out><![CDATA[00:43:41.869 [main] INFO com.sistemariegoagoteo.sistema_riego_goteo_api.service.auth.UserService -- Admin admin intentando cambiar estado activo a false para usuario con ID: 2
00:43:41.872 [main] INFO com.sistemariegoagoteo.sistema_riego_goteo_api.service.auth.UserService -- Estado activo del usuario con ID: 2 cambiado a false exitosamente por admin.
]]></system-out>
  </testcase>
  <testcase name="assignUserToFarm_Success" classname="UserService - Tests Unitarios" time="0.012">
    <system-out><![CDATA[00:43:41.883 [main] INFO com.sistemariegoagoteo.sistema_riego_goteo_api.service.auth.UserService -- Admin admin intentando asignar usuario ID 2 a finca ID 1
00:43:41.885 [main] INFO com.sistemariegoagoteo.sistema_riego_goteo_api.service.auth.UserService -- Usuario ID 2 asignado exitosamente a la finca ID 1
]]></system-out>
  </testcase>
  <testcase name="deleteUser_Success" classname="UserService - Tests Unitarios" time="0.01">
    <system-out><![CDATA[00:43:41.897 [main] WARN com.sistemariegoagoteo.sistema_riego_goteo_api.service.auth.UserService -- Admin admin intentando ELIMINAR PERMANENTEMENTE usuario con ID: 2
00:43:41.899 [main] INFO com.sistemariegoagoteo.sistema_riego_goteo_api.service.auth.UserService -- Usuario con ID: 2 eliminado permanentemente por admin.
]]></system-out>
  </testcase>
  <testcase name="registerUserByAdmin_DuplicateUsername_ThrowsException" classname="UserService - Tests Unitarios" time="0.009">
    <system-out><![CDATA[00:43:41.907 [main] INFO com.sistemariegoagoteo.sistema_riego_goteo_api.service.auth.UserService -- Admin admin intentando registrar usuario: admin con rol: OPERARIO
]]></system-out>
  </testcase>
  <testcase name="updateUserStatus_SameState_NoAudit" classname="UserService - Tests Unitarios" time="0.009">
    <system-out><![CDATA[00:43:41.919 [main] INFO com.sistemariegoagoteo.sistema_riego_goteo_api.service.auth.UserService -- Admin admin intentando cambiar estado activo a true para usuario con ID: 2
00:43:41.920 [main] INFO com.sistemariegoagoteo.sistema_riego_goteo_api.service.auth.UserService -- Estado activo del usuario con ID: 2 cambiado a true exitosamente por admin.
]]></system-out>
  </testcase>
  <testcase name="assignUserToFarm_AlreadyAssigned_ThrowsException" classname="UserService - Tests Unitarios" time="0.01">
    <system-out><![CDATA[00:43:41.930 [main] INFO com.sistemariegoagoteo.sistema_riego_goteo_api.service.auth.UserService -- Admin admin intentando asignar usuario ID 2 a finca ID 1
]]></system-out>
  </testcase>
  <testcase name="deleteUser_NotFound_ThrowsException" classname="UserService - Tests Unitarios" time="0.008">
    <system-out><![CDATA[00:43:41.940 [main] WARN com.sistemariegoagoteo.sistema_riego_goteo_api.service.auth.UserService -- Admin admin intentando ELIMINAR PERMANENTEMENTE usuario con ID: 99
]]></system-out>
  </testcase>
  <testcase name="registerUserByAdmin_Success" classname="UserService - Tests Unitarios" time="0.01">
    <system-out><![CDATA[00:43:41.949 [main] INFO com.sistemariegoagoteo.sistema_riego_goteo_api.service.auth.UserService -- Admin admin intentando registrar usuario: nuevo_operario con rol: OPERARIO
00:43:41.949 [main] INFO com.sistemariegoagoteo.sistema_riego_goteo_api.service.auth.UserService -- Usuario OPERARIO registrado exitosamente por admin con ID: 3
]]></system-out>
  </testcase>
  <testcase name="assignUserToFarm_NotOperario_ThrowsException" classname="UserService - Tests Unitarios" time="0.006">
    <system-out><![CDATA[00:43:41.960 [main] INFO com.sistemariegoagoteo.sistema_riego_goteo_api.service.auth.UserService -- Admin admin intentando asignar usuario ID 1 a finca ID 1
]]></system-out>
  </testcase>
  <testcase name="registerUserByAdmin_InvalidRole_ThrowsException" classname="UserService - Tests Unitarios" time="0.007">
    <system-out><![CDATA[00:43:41.967 [main] INFO com.sistemariegoagoteo.sistema_riego_goteo_api.service.auth.UserService -- Admin admin intentando registrar usuario: null con rol: SUPERUSUARIO
]]></system-out>
  </testcase>
</testsuite>